{"/Users/ahmed/Desktop/projects/hoover/src/app.js": {"path":"/Users/ahmed/Desktop/projects/hoover/src/app.js","statementMap":{"0":{"start":{"line":1,"column":26},"end":{"line":18,"column":1}},"1":{"start":{"line":2,"column":4},"end":{"line":17,"column":5}},"2":{"start":{"line":4,"column":12},"end":{"line":4,"column":22}},"3":{"start":{"line":5,"column":12},"end":{"line":5,"column":18}},"4":{"start":{"line":7,"column":12},"end":{"line":7,"column":22}},"5":{"start":{"line":8,"column":12},"end":{"line":8,"column":18}},"6":{"start":{"line":10,"column":12},"end":{"line":10,"column":22}},"7":{"start":{"line":11,"column":12},"end":{"line":11,"column":18}},"8":{"start":{"line":13,"column":12},"end":{"line":13,"column":22}},"9":{"start":{"line":14,"column":12},"end":{"line":14,"column":18}},"10":{"start":{"line":16,"column":12},"end":{"line":16,"column":18}},"11":{"start":{"line":21,"column":19},"end":{"line":38,"column":1}},"12":{"start":{"line":22,"column":30},"end":{"line":22,"column":31}},"13":{"start":{"line":24,"column":4},"end":{"line":32,"column":5}},"14":{"start":{"line":25,"column":8},"end":{"line":25,"column":44}},"15":{"start":{"line":27,"column":26},"end":{"line":27,"column":90}},"16":{"start":{"line":27,"column":45},"end":{"line":27,"column":89}},"17":{"start":{"line":29,"column":8},"end":{"line":31,"column":9}},"18":{"start":{"line":30,"column":12},"end":{"line":30,"column":33}},"19":{"start":{"line":34,"column":4},"end":{"line":37,"column":5}},"20":{"start":{"line":40,"column":0},"end":{"line":40,"column":27}}},"fnMap":{"0":{"name":"(anonymous_0)","decl":{"start":{"line":1,"column":26},"end":{"line":1,"column":27}},"loc":{"start":{"line":1,"column":49},"end":{"line":18,"column":1}},"line":1},"1":{"name":"(anonymous_1)","decl":{"start":{"line":21,"column":19},"end":{"line":21,"column":20}},"loc":{"start":{"line":21,"column":49},"end":{"line":38,"column":1}},"line":21},"2":{"name":"(anonymous_2)","decl":{"start":{"line":27,"column":36},"end":{"line":27,"column":37}},"loc":{"start":{"line":27,"column":45},"end":{"line":27,"column":89}},"line":27}},"branchMap":{"0":{"loc":{"start":{"line":2,"column":4},"end":{"line":17,"column":5}},"type":"switch","locations":[{"start":{"line":3,"column":8},"end":{"line":5,"column":18}},{"start":{"line":6,"column":8},"end":{"line":8,"column":18}},{"start":{"line":9,"column":8},"end":{"line":11,"column":18}},{"start":{"line":12,"column":8},"end":{"line":14,"column":18}},{"start":{"line":15,"column":8},"end":{"line":16,"column":18}}],"line":2},"1":{"loc":{"start":{"line":27,"column":45},"end":{"line":27,"column":89}},"type":"binary-expr","locations":[{"start":{"line":27,"column":45},"end":{"line":27,"column":65}},{"start":{"line":27,"column":69},"end":{"line":27,"column":89}}],"line":27},"2":{"loc":{"start":{"line":29,"column":8},"end":{"line":31,"column":9}},"type":"if","locations":[{"start":{"line":29,"column":8},"end":{"line":31,"column":9}},{"start":{"line":29,"column":8},"end":{"line":31,"column":9}}],"line":29}},"s":{"0":1,"1":6,"2":2,"3":2,"4":2,"5":2,"6":2,"7":2,"8":0,"9":0,"10":0,"11":1,"12":2,"13":2,"14":6,"15":6,"16":6,"17":6,"18":2,"19":2,"20":1},"f":{"0":6,"1":2,"2":6},"b":{"0":[2,2,2,0,0],"1":[6,3],"2":[2,4]},"_coverageSchema":"43e27e138ebf9cfc5966b082cf9a028302ed4184","hash":"5463758da69ea3dcb2ad4f21d5d4eee6fcd1c473"}
}
