TN:
SF:/Users/ahmed/Desktop/projects/hoover/src/app.js
FN:1,(anonymous_0)
FN:21,(anonymous_1)
FN:27,(anonymous_2)
FNF:3
FNH:3
FNDA:6,(anonymous_0)
FNDA:2,(anonymous_1)
FNDA:6,(anonymous_2)
DA:1,1
DA:2,6
DA:4,2
DA:5,2
DA:7,2
DA:8,2
DA:10,2
DA:11,2
DA:13,0
DA:14,0
DA:16,0
DA:21,1
DA:22,2
DA:24,2
DA:25,6
DA:27,6
DA:29,6
DA:30,2
DA:34,2
DA:40,1
LF:20
LH:17
BRDA:2,0,0,2
BRDA:2,0,1,2
BRDA:2,0,2,2
BRDA:2,0,3,0
BRDA:2,0,4,0
BRDA:27,1,0,6
BRDA:27,1,1,3
BRDA:29,2,0,2
BRDA:29,2,1,4
BRF:9
BRH:7
end_of_record
